info: Connected to MongoDB
info: Listening to port 3000
warn: Unable to connect to email server. Make sure you have configured the SMTP options in .env
info: ::1 - POST /v1/auth/register 201 - 89.125 ms
error: ::1 - POST /v1/auth/register 400 - 6.142 ms - message: Email already taken
error: ::1 - POST /v1/auth/register 400 - 4.173 ms - message: Email already taken
error: ::1 - POST /v1/auth/register 400 - 3.115 ms - message: Email already taken
error: ::1 - POST /v1/auth/register 400 - 3.334 ms - message: Email already taken
error: ::1 - POST /v1/auth/register 400 - 3.309 ms - message: Email already taken
error: ::1 - POST /v1/auth/register 400 - 3.021 ms - message: Email already taken
error: ::1 - POST /v1/auth/register 400 - 2.990 ms - message: Email already taken
error: ::1 - POST /v1/auth/register 400 - 3.364 ms - message: Email already taken
error: ::1 - POST /v1/auth/register 400 - 2.995 ms - message: Email already taken
error: ::1 - POST /v1/auth/register 400 - 3.290 ms - message: Email already taken
error: ::1 - POST /v1/auth/register 400 - 3.305 ms - message: Email already taken
error: ::1 - POST /v1/auth/register 400 - 3.276 ms - message: Email already taken
error: ::1 - POST /v1/auth/register 400 - 4.087 ms - message: Email already taken
error: ::1 - POST /v1/auth/register 400 - 2.692 ms - message: Email already taken
error: ::1 - POST /v1/auth/register 400 - 3.255 ms - message: Email already taken
error: ::1 - POST /v1/auth/register 400 - 3.243 ms - message: Email already taken
error: ::1 - POST /v1/auth/register 400 - 2.805 ms - message: Email already taken
error: ::1 - POST /v1/auth/register 400 - 3.371 ms - message: Email already taken
error: ::1 - POST /v1/auth/register 400 - 3.349 ms - message: Email already taken
error: ::1 - POST /v1/auth/register 400 - 2.812 ms - message: Email already taken
error: ::1 - POST /v1/auth/register 429 - 0.829 ms - message: -
error: ::1 - POST /v1/auth/register 429 - 1.024 ms - message: -
error: ::1 - POST /v1/auth/register 429 - 0.554 ms - message: -
error: ::1 - POST /v1/auth/register 429 - 0.594 ms - message: -
error: ::1 - POST /v1/auth/register 429 - 0.600 ms - message: -
error: ::1 - POST /v1/auth/register 429 - 0.627 ms - message: -
error: ::1 - POST /v1/auth/register 429 - 0.628 ms - message: -
info: Connected to MongoDB
info: Listening to port 3000
error: ::1 - POST /v1/auth/register 400 - 28.035 ms - message: Email already taken
warn: Unable to connect to email server. Make sure you have configured the SMTP options in .env
error: ::1 - POST /v1/auth/register 400 - 5.105 ms - message: Email already taken
error: ::1 - POST /v1/auth/register 400 - 4.846 ms - message: Email already taken
error: ::1 - POST /v1/auth/register 500 - 3.893 ms - message: Usersss is not defined
error: ::1 - POST /v1/auth/register 500 - 2.983 ms - message: Usersss is not defined
error: ::1 - POST /v1/auth/register 500 - 2.959 ms - message: Usersss is not defined
info: Connected to MongoDB
info: Listening to port 3000
warn: Unable to connect to email server. Make sure you have configured the SMTP options in .env
info: ::1 - POST /v1/auth/register 201 - 83.968 ms
error: ::1 - GET /v1/auth/ 404 - 81.474 ms - message: Not found
error: ::1 - GET /v1/auth/ 404 - 1.059 ms - message: Not found
error: ::1 - POST /v1/auth/register 400 - 231.397 ms - message: Email already taken
error: ::1 - POST /v1/auth/register 400 - 23.328 ms - message: Email already taken
error: ::1 - POST /v1/auth/register 400 - 2.837 ms - message: Email already taken
error: ::1 - POST /v1/auth/register 400 - 25.274 ms - message: Email already taken
error: ::1 - POST /v1/auth/register 400 - 3.786 ms - message: Email already taken
error: ::1 - POST /v1/auth/register 400 - 2.754 ms - message: Email already taken
error: ::1 - POST /v1/auth/register 400 - 2.817 ms - message: Email already taken
error: ::1 - POST /v1/auth/register 400 - 5.909 ms - message: Email already taken
error: ::1 - POST /v1/auth/register 400 - 2.895 ms - message: Email already taken
error: ::1 - POST /v1/auth/register 400 - 2.762 ms - message: Email already taken
info: ::1 - POST /v1/auth/register 201 - 193.910 ms
error: ::1 - GET /v1/auth/getUsers 404 - 0.711 ms - message: Not found
error: ::1 - GET /v1/auth/getUsers 404 - 0.561 ms - message: Not found
error: ::1 - GET /v1/auth/getUsers 404 - 0.714 ms - message: Not found
error: ::1 - GET /v1/auth/getUsers 404 - 0.554 ms - message: Not found
info: Connected to MongoDB
info: Listening to port 3000
error: ::ffff:127.0.0.1 - GET /v1/auth/getUsers 404 - 4.673 ms - message: Not found
error: ::ffff:127.0.0.1 - GET /v1/auth/getUsers 404 - 1.393 ms - message: Not found
warn: Unable to connect to email server. Make sure you have configured the SMTP options in .env
info: Connected to MongoDB
info: Listening to port 3000
warn: Unable to connect to email server. Make sure you have configured the SMTP options in .env
error: ::1 - GET /v1/auth/getUsers 404 - 5.179 ms - message: Not found
error: ::1 - GET /v1/auth/getUsers 404 - 1.402 ms - message: Not found
error: ::1 - GET /v1/auth/getUsers 404 - 0.598 ms - message: Not found
error: ::1 - GET /v1/auth/getUsers 404 - 0.557 ms - message: Not found
info: Connected to MongoDB
info: Listening to port 3000
warn: Unable to connect to email server. Make sure you have configured the SMTP options in .env
error: ::1 - GET /v1/auth/getUsers 404 - 4.943 ms - message: Not found
error: ::1 - GET /v1/auth/getUsers 404 - 1.344 ms - message: Not found
error: ::1 - GET /v1/auth/getUsers 404 - 0.539 ms - message: Not found
error: ::1 - GET /v1/auth/getUsers 404 - 0.579 ms - message: Not found
error: ::1 - POST /v1/auth/register 400 - 25.368 ms - message: Email already taken
error: ::1 - POST /v1/auth/register 400 - 6.026 ms - message: Email already taken
info: ::1 - POST /v1/auth/register 201 - 57.945 ms
error: ::1 - GET /v1/auth/getUsers 404 - 0.596 ms - message: Not found
error: ::1 - GET /v1/users/getUsers 401 - 1.556 ms - message: Please authenticate
error: ::1 - GET /v1/users/getUsers 401 - 0.789 ms - message: Please authenticate
error: ::1 - GET /v1/users/getUsers 401 - 0.572 ms - message: Please authenticate
error: ::1 - GET /v1/users/getUsers 401 - 0.614 ms - message: Please authenticate
error: ::1 - GET /v1/users/getUsers 401 - 0.607 ms - message: Please authenticate
error: ::1 - GET /v1/users/getUsers 401 - 0.638 ms - message: Please authenticate
error: ::1 - GET /v1/users/getUsers 401 - 0.627 ms - message: Please authenticate
error: ::1 - GET /v1/users/getUsers 401 - 0.732 ms - message: Please authenticate
error: ::1 - GET /v1/users/getUsers 401 - 0.602 ms - message: Please authenticate
error: ::1 - GET /v1/users/getUsers 401 - 0.620 ms - message: Please authenticate
error: ::1 - GET /v1/users/getUsers 401 - 0.544 ms - message: Please authenticate
error: ::1 - GET /v1/users/getUsers 401 - 1.214 ms - message: Please authenticate
error: ::1 - GET /v1/users/getUsers 403 - 3.865 ms - message: Forbidden
error: ::1 - GET /v1/users/getUsers 403 - 2.177 ms - message: Forbidden
error: ::1 - GET /v1/users/getUsers 403 - 3.711 ms - message: Forbidden
error: ::1 - GET /v1/users/getUsers 403 - 2.355 ms - message: Forbidden
error: ::1 - GET /v1/users/getUsers 403 - 2.711 ms - message: Forbidden
error: ::1 - GET /v1/users/getUsers 403 - 1.911 ms - message: Forbidden
error: ::1 - GET /v1/users/getUsers 403 - 4.628 ms - message: Forbidden
info: ::1 - POST /v1/auth/register 201 - 32.200 ms
error: ::1 - GET /v1/users/getUsers 403 - 2.192 ms - message: Forbidden
error: ::1 - GET /v1/users/getUsers 403 - 2.274 ms - message: Forbidden
error: ::1 - GET /v1/users/getUsers 403 - 1.964 ms - message: Forbidden
error: ::1 - POST /v1/auth/register 400 - 2.714 ms - message: Email already taken
error: ::1 - POST /v1/auth/login 400 - 2.286 ms - message: "name" is not allowed
info: ::1 - POST /v1/auth/login 200 - 24.562 ms
error: ::1 - GET /v1/users/getUsers 403 - 2.071 ms - message: Forbidden
error: ::1 - GET /v1/users/getUsers 403 - 2.506 ms - message: Forbidden
error: ::1 - GET /v1/users/getUsers 403 - 1.812 ms - message: Forbidden
error: ::1 - GET /v1/users/getUsers 403 - 1.803 ms - message: Forbidden
error: ::1 - GET /v1/user/getUsers 404 - 0.529 ms - message: Not found
error: ::1 - GET /v1/user/getUsers 404 - 0.363 ms - message: Not found
error: ::1 - GET /v1/user/getUsers 404 - 0.581 ms - message: Not found
error: ::1 - GET /v1/users/getUsers 403 - 1.821 ms - message: Forbidden
error: ::1 - GET /v1/users/getUsers 403 - 1.961 ms - message: Forbidden
error: ::1 - GET /v1/users/getUsers 400 - 3.065 ms - message: ""userId"" must be a valid mongo id
error: ::1 - GET /v1/users/getUsers 400 - 2.385 ms - message: ""userId"" must be a valid mongo id
error: ::1 - POST /v1/users/getUsers 404 - 0.634 ms - message: Not found
error: ::1 - GET /v1/users/getUsers 400 - 2.663 ms - message: ""userId"" must be a valid mongo id
error: ::1 - GET /v1/users/getUsers/6141c3ba3380e15704594dfb 404 - 0.692 ms - message: Not found
error: ::1 - GET /v1/users/getUsers/?6141c3ba3380e15704594dfb 400 - 2.529 ms - message: ""userId"" must be a valid mongo id
error: ::1 - GET /v1/users/getUsers/?6141c3ba3380e15704594dfb 400 - 2.951 ms - message: ""userId"" must be a valid mongo id
error: ::1 - GET /v1/users/getUsers/?6141c3ba3380e15704594dfb 400 - 4.380 ms - message: ""userId"" must be a valid mongo id
error: ::1 - GET /v1/users/getUsers/?userId=6141c3ba3380e15704594dfb 400 - 2.286 ms - message: ""userId"" must be a valid mongo id
error: ::1 - GET /v1/users/getUsers/?userId=6141c3ba3380e15704594dfb 400 - 2.257 ms - message: ""userId"" must be a valid mongo id
error: ::1 - GET /v1/users/getUsers/?userId=6141c3ba3380e15704594dfb 400 - 2.162 ms - message: ""userId"" must be a valid mongo id
error: ::1 - GET /v1/users/getUsers/?userId=6141c3ba3380e15704594dfb 400 - 2.216 ms - message: ""userId"" must be a valid mongo id
error: ::1 - GET /v1/users/getUsers/?userId=6141c3ba3380e15704594dfb 400 - 2.305 ms - message: ""userId"" must be a valid mongo id
error: ::1 - GET /v1/users/getUsers/?userId=6141c3ba3380e15704594dfb 400 - 2.379 ms - message: ""userId"" must be a valid mongo id
error: ::1 - GET /v1/users/getUsers/userId=6141c3ba3380e15704594dfb 404 - 0.465 ms - message: Not found
error: ::1 - GET /v1/users/getUsers/userId=6141c3ba3380e15704594dfb 404 - 0.462 ms - message: Not found
error: ::1 - GET /v1/users/getUsers/?userId=6141c3ba3380e15704594dfb 400 - 2.324 ms - message: ""userId"" must be a valid mongo id
error: ::1 - GET /v1/users/getUsers/?userId=6141c6013380e15704594e07 400 - 2.849 ms - message: ""userId"" must be a valid mongo id
error: ::1 - GET /v1/users/getUsers/?userId=6141c6013380e15704594e07 400 - 2.230 ms - message: ""userId"" must be a valid mongo id
error: ::1 - GET /v1/users/getUsers/?userId=6141c6013380e15704594e07 400 - 2.169 ms - message: ""userId"" must be a valid mongo id
info: Connected to MongoDB
info: Listening to port 3000
warn: Unable to connect to email server. Make sure you have configured the SMTP options in .env
error: ::1 - GET /v1/users/getUsers/?userId=6141c6013380e15704594e07 400 - 20.343 ms - message: ""userId"" must be a valid mongo id
error: ::1 - GET /v1/users/getUsers/ 400 - 4.443 ms - message: ""userId"" must be a valid mongo id
error: ::1 - GET /v1/users/getUsers/ 400 - 3.413 ms - message: ""userId"" must be a valid mongo id
error: ::1 - GET /v1/users/getUsers/ 400 - 2.657 ms - message: ""userId"" must be a valid mongo id
error: ::1 - GET /v1/users/getUsers/?6141c6013380e15704594e07 400 - 2.708 ms - message: ""userId"" must be a valid mongo id
error: ::1 - GET /v1/users/getUsers/?6141c6013380e15704594e07 400 - 2.651 ms - message: ""userId"" must be a valid mongo id
error: ::1 - GET /v1/users/getUsers/?6141c6013380e15704594e07 400 - 2.497 ms - message: ""userId"" must be a valid mongo id
error: ::1 - GET /v1/users/getUsers/?6141c6013380e15704594e07 400 - 2.373 ms - message: ""userId"" must be a valid mongo id
error: ::1 - GET /v1/users/getUsers/?6141c6013380e15704594e07 400 - 2.618 ms - message: ""userId"" must be a valid mongo id
error: ::1 - GET /v1/users/getUsers/?6141c6013380e15704594e07 400 - 3.309 ms - message: ""userId"" must be a valid mongo id
error: ::1 - GET /v1/users/getUsers/?6141c6013380e15704594e07 400 - 3.089 ms - message: ""userId"" must be a valid mongo id
error: ::1 - GET /v1/users/getUsers/?6141c6013380e15704594e07 400 - 2.464 ms - message: ""userId"" must be a valid mongo id
error: ::1 - GET /v1/users/getUsers/?userId=6141c6013380e15704594e07 400 - 2.349 ms - message: ""userId"" must be a valid mongo id
error: ::1 - GET /v1/users/getUsers/?userId=6141c6013380e15704594e07 400 - 5.745 ms - message: ""userId"" must be a valid mongo id
error: ::1 - GET /v1/users/getUsers/?userId=6141c6013380e15704594e07 400 - 2.223 ms - message: ""userId"" must be a valid mongo id
error: ::1 - GET /v1/users/getUsers/?userId=6141c6013380e15704594e07 400 - 3.074 ms - message: ""userId"" must be a valid mongo id
error: ::1 - GET /v1/users/getUsers/?userId=6141c6013380e15704594e07 400 - 2.393 ms - message: ""userId"" must be a valid mongo id
error: ::1 - GET /v1/users/getUsers/?userId=6141c6013380e15704594e07 400 - 3.086 ms - message: ""userId"" must be a valid mongo id
error: ::1 - GET /v1/users/getUsers/?userId=6141c6013380e15704594e07 400 - 2.434 ms - message: ""userId"" must be a valid mongo id
error: ::1 - GET /v1/users/getUsers/?userId=6141c6013380e15704594e07 400 - 2.256 ms - message: ""userId"" must be a valid mongo id
error: ::1 - GET /v1/users/getUsers/?userId=6141c6013380e15704594e07 400 - 2.514 ms - message: ""userId"" must be a valid mongo id
error: ::1 - GET /v1/users/getUsers/?userId=6141c6013380e15704594e07 400 - 2.668 ms - message: ""userId"" must be a valid mongo id
error: ::1 - GET /v1/users/getUsers/?userId=6141c6013380e15704594e07 400 - 2.181 ms - message: ""userId"" must be a valid mongo id
error: ::1 - GET /v1/users/getUsers/?userId=6141c6013380e15704594e07 400 - 2.459 ms - message: ""userId"" must be a valid mongo id
info: ::1 - POST /v1/auth/login 200 - 65.756 ms
error: ::1 - GET /v1/users/getUsers/?userId=6141c6013380e15704594e07 400 - 4.033 ms - message: ""userId"" must be a valid mongo id
error: ::1 - GET /v1/users/getUsers/?userId=6141c6013380e15704594e07 400 - 2.535 ms - message: ""userId"" must be a valid mongo id
error: ::1 - GET /v1/users/getUsers/?userId=6141c6013380e15704594e07 400 - 2.592 ms - message: ""userId"" must be a valid mongo id
error: ::1 - GET /v1/users/getUsers/ 400 - 2.461 ms - message: ""userId"" must be a valid mongo id
error: ::1 - GET /v1/users/getUsers/ 400 - 2.116 ms - message: ""userId"" must be a valid mongo id
error: ::1 - GET /v1/users/getUsers/ 400 - 4.480 ms - message: ""userId"" must be a valid mongo id
error: ::1 - GET /v1/users/getUsers/ 400 - 2.110 ms - message: ""userId"" must be a valid mongo id
error: ::1 - GET /v1/users/getUsers/ 400 - 2.208 ms - message: ""userId"" must be a valid mongo id
info: Connected to MongoDB
info: Listening to port 3000
warn: Unable to connect to email server. Make sure you have configured the SMTP options in .env
error: ::1 - GET /v1/users/getUsers/ 400 - 20.141 ms - message: ""userId"" must be a valid mongo id
error: ::1 - GET /v1/users/getUsers/ 400 - 4.072 ms - message: ""userId"" must be a valid mongo id
error: ::1 - GET /v1/users/getUsers/ 400 - 2.592 ms - message: ""userId"" must be a valid mongo id
info: Connected to MongoDB
info: Listening to port 3000
error: ::1 - GET /v1/users/getUsers/ 400 - 22.711 ms - message: ""userId"" must be a valid mongo id
error: ::1 - GET /v1/users/getUsers/ 400 - 3.788 ms - message: ""userId"" must be a valid mongo id
error: ::1 - GET /v1/users/getUsers/ 400 - 2.753 ms - message: ""userId"" must be a valid mongo id
error: ::1 - GET /v1/users/getUsers/ 400 - 2.488 ms - message: ""userId"" must be a valid mongo id
error: ::1 - GET /v1/users/getUsers/ 400 - 2.871 ms - message: ""userId"" must be a valid mongo id
warn: Unable to connect to email server. Make sure you have configured the SMTP options in .env
error: ::1 - GET /v1/users/getUsers/ 400 - 2.896 ms - message: ""userId"" must be a valid mongo id
error: ::1 - GET /v1/users/getUsers/ 400 - 2.581 ms - message: ""userId"" must be a valid mongo id
error: ::1 - GET /v1/users/getUsers/ 400 - 3.181 ms - message: ""userId"" must be a valid mongo id
error: ::1 - GET /v1/users/getUsers/ 400 - 2.560 ms - message: ""userId"" must be a valid mongo id
error: ::1 - GET /v1/users/getUsers/ 400 - 2.578 ms - message: ""userId"" must be a valid mongo id
error: ::1 - GET /v1/users/getUsers/ 400 - 2.499 ms - message: ""userId"" must be a valid mongo id
error: ::1 - GET /v1/users/getUsers/ 400 - 2.301 ms - message: ""userId"" must be a valid mongo id
error: ::1 - GET /v1/users/getUsers/ 400 - 2.289 ms - message: ""userId"" must be a valid mongo id
error: ::1 - GET /v1/users/getUsers/ 400 - 2.270 ms - message: ""userId"" must be a valid mongo id
error: ::1 - GET /v1/users/getUsers/ 400 - 3.206 ms - message: ""userId"" must be a valid mongo id
error: ::1 - GET /v1/users/getUsers/ 400 - 3.402 ms - message: ""userId"" must be a valid mongo id
error: ::1 - GET /v1/users/getUsers/ 400 - 2.309 ms - message: ""userId"" must be a valid mongo id
error: ::1 - GET /v1/users/getUsers/ 400 - 2.076 ms - message: ""userId"" must be a valid mongo id
error: ::1 - GET /v1/users/getUsers/ 400 - 2.457 ms - message: ""userId"" must be a valid mongo id
error: ::1 - GET /v1/users/getUsers/ 400 - 3.541 ms - message: ""userId"" must be a valid mongo id
error: ::1 - GET /v1/users/getUsers/ 400 - 2.415 ms - message: ""userId"" must be a valid mongo id
error: ::1 - GET /v1/users/getUsers/ 400 - 3.061 ms - message: ""userId"" must be a valid mongo id
error: ::1 - GET /v1/users/getUsers/ 400 - 2.975 ms - message: ""userId"" must be a valid mongo id
error: ::1 - GET /v1/users/getUsers/ 400 - 2.155 ms - message: ""userId"" must be a valid mongo id
error: ::1 - GET /v1/users/getUsers/ 401 - 1.161 ms - message: Please authenticate
error: ::1 - GET /v1/users/getUsers/ 401 - 0.613 ms - message: Please authenticate
info: Connected to MongoDB
info: Listening to port 3000
warn: Unable to connect to email server. Make sure you have configured the SMTP options in .env
error: ::1 - GET /v1/users/getUsers/ 401 - 7.950 ms - message: Please authenticate
error: ::1 - GET /v1/users/getUsers/ 400 - 16.835 ms - message: ""userId"" must be a valid mongo id
info: Connected to MongoDB
info: Listening to port 3000
warn: Unable to connect to email server. Make sure you have configured the SMTP options in .env
error: ::1 - GET /v1/users/getUsers/ 500 - 22.727 ms - message: Cast to ObjectId failed for value "getUsers" (type string) at path "_id" for model "User"
error: ::1 - GET /v1/users/getUsers/ 500 - 3.820 ms - message: Cast to ObjectId failed for value "getUsers" (type string) at path "_id" for model "User"
error: ::1 - GET /v1/users/getUsers/ 500 - 3.758 ms - message: Cast to ObjectId failed for value "getUsers" (type string) at path "_id" for model "User"
error: ::1 - GET /v1/users/getUsers/ 500 - 2.601 ms - message: Cast to ObjectId failed for value "getUsers" (type string) at path "_id" for model "User"
error: ::1 - GET /v1/users/getUsers/ 500 - 3.006 ms - message: Cast to ObjectId failed for value "getUsers" (type string) at path "_id" for model "User"
error: ::1 - GET /v1/users/getUsers/ 500 - 3.708 ms - message: Cast to ObjectId failed for value "getUsers" (type string) at path "_id" for model "User"
error: ::1 - GET /v1/users/getUsers/ 500 - 2.357 ms - message: Cast to ObjectId failed for value "getUsers" (type string) at path "_id" for model "User"
error: ::1 - GET /v1/users/getUsers/ 500 - 2.419 ms - message: Cast to ObjectId failed for value "getUsers" (type string) at path "_id" for model "User"
info: Connected to MongoDB
info: Listening to port 3000
warn: Unable to connect to email server. Make sure you have configured the SMTP options in .env
error: ::1 - GET /v1/users/getUsers/ 404 - 6.290 ms - message: Not found
error: ::1 - GET /v1/users/getUsers/ 404 - 1.244 ms - message: Not found
error: ::1 - GET /v1/users/getUsers/ 404 - 0.712 ms - message: Not found
info: ::1 - GET /v1/users/ 200 - 20.825 ms
info: ::1 - GET /v1/users/ 304 - 7.148 ms
info: ::1 - GET /v1/users/ 304 - 7.118 ms
info: ::1 - GET /v1/users/ 304 - 5.793 ms
info: ::1 - GET /v1/users/ 304 - 5.191 ms
error: ::1 - GET /v1/users/61419be51394e15084062b8f 404 - 0.497 ms - message: Not found
info: ::1 - GET /v1/users/?userId=61419be51394e15084062b8f 200 - 4.934 ms
error: ::1 - GET /v1/users/61419be51394e15084062b8f 404 - 0.540 ms - message: Not found
error: ::1 - GET /v1/users/61419be51394e15084062b8f 404 - 0.510 ms - message: Not found
error: ::1 - GET /v1/users/61419be51394e15084062b8f 404 - 0.549 ms - message: Not found
info: ::1 - GET /v1/users/ 304 - 6.920 ms
info: ::1 - GET /v1/users/ 304 - 5.007 ms
info: ::1 - GET /v1/users/ 304 - 5.534 ms
info: ::1 - GET /v1/users/ 304 - 6.317 ms
info: ::1 - GET /v1/users/ 304 - 5.089 ms
error: ::1 - GET /v1/users/61419d53b16bd43530bc3a59 404 - 0.524 ms - message: Not found
error: ::1 - GET /v1/users/ 401 - 1.164 ms - message: Please authenticate
error: ::1 - GET /v1/users/ 401 - 0.602 ms - message: Please authenticate
error: ::1 - GET /v1/users/ 401 - 0.536 ms - message: Please authenticate
error: ::1 - GET /v1/users/ 401 - 0.536 ms - message: Please authenticate
error: ::1 - GET /v1/users/ 401 - 0.527 ms - message: Please authenticate
info: ::1 - GET /v1/users/ 304 - 6.003 ms
info: ::1 - GET /v1/users/ 304 - 4.831 ms
info: ::1 - GET /v1/users/ 304 - 4.773 ms
info: ::1 - GET /v1/users/ 304 - 4.669 ms
info: ::1 - GET /v1/users/ 304 - 5.197 ms
info: ::1 - GET /v1/users/ 304 - 6.560 ms
info: Connected to MongoDB
info: Listening to port 3000
warn: Unable to connect to email server. Make sure you have configured the SMTP options in .env
info: ::1 - GET /v1/users/ 304 - 25.565 ms
info: ::1 - GET /v1/users/6141c6013380e15704594e07 200 - 8.635 ms
info: ::1 - GET /v1/users/ 304 - 5.666 ms
info: ::1 - GET /v1/users/61419c591394e15084062ba1 200 - 4.846 ms
info: ::1 - GET /v1/users/61419c591394e15084062ba1 304 - 4.105 ms
info: ::1 - GET /v1/users/61419c591394e15084062ba1 304 - 6.391 ms
info: ::1 - GET /v1/users/61419c591394e15084062ba1 304 - 4.547 ms
info: ::1 - GET /v1/users/61419c591394e15084062ba1 304 - 4.336 ms
info: ::1 - GET /v1/users/61419c591394e15084062ba1 304 - 5.632 ms
info: ::1 - GET /v1/users/ 304 - 6.546 ms
info: ::1 - GET /v1/users/ 304 - 5.352 ms
error: ::1 - GET /v1/users/ 401 - 2.083 ms - message: Please authenticate
info: ::1 - GET /v1/users/ 304 - 6.815 ms
info: ::1 - GET /v1/users/ 304 - 5.799 ms
info: Connected to MongoDB
info: Listening to port 3000
warn: Unable to connect to email server. Make sure you have configured the SMTP options in .env
info: Connected to MongoDB
info: Listening to port 3000
warn: Unable to connect to email server. Make sure you have configured the SMTP options in .env
error: ::1 - GET /v1/auth/reset-password 404 - 4.847 ms - message: Not found
error: ::1 - POST /v1/auth/reset-password 400 - 3.888 ms - message: "token" is required, "password" is required
error: ::1 - POST /v1/auth/reset-password 400 - 15.342 ms - message: "token" is required, "email" is not allowed, "name" is not allowed
error: ::1 - POST /v1/auth/reset-password 400 - 1.613 ms - message: "token" is required, "password" is required, "email" is not allowed
error: ::1 - POST /v1/auth/forgot-password 500 - 2344.180 ms - message: getaddrinfo ENOTFOUND email-server
error: ::1 - POST /v1/auth/forgot-password 500 - 2292.782 ms - message: getaddrinfo ENOTFOUND email-server
info: Connected to MongoDB
info: Listening to port 3000
warn: Unable to connect to email server. Make sure you have configured the SMTP options in .env
error: ::1 - POST /v1/auth/forgot-password 500 - 2341.721 ms - message: getaddrinfo ENOTFOUND email-server
info: Connected to MongoDB
info: Listening to port 3000
warn: Unable to connect to email server. Make sure you have configured the SMTP options in .env
error: ::1 - POST /v1/auth/forgot-password 500 - 2326.846 ms - message: getaddrinfo ENOTFOUND email-server
error: ::1 - POST /v1/auth/forgot-password 500 - 2284.109 ms - message: getaddrinfo ENOTFOUND email-server
info: ::1 - POST /v1/auth/login 200 - 59.794 ms
error: ::1 - POST /v1/auth/forgot-password 500 - 2275.366 ms - message: getaddrinfo ENOTFOUND email-server
info: Connected to MongoDB
info: Listening to port 3000
info: Connected to email server
info: ::1 - POST /v1/auth/forgot-password 204 - 4290.553 ms
info: Connected to MongoDB
info: Listening to port 3000
warn: Unable to connect to email server. Make sure you have configured the SMTP options in .env
info: ::1 - POST /v1/auth/login 200 - 346.420 ms
info: Connected to MongoDB
info: Listening to port 3000
warn: Unable to connect to email server. Make sure you have configured the SMTP options in .env
error: ::1 - GET /v1/docs 404 - 51.101 ms - message: Not found
error: ::1 - GET /v1/docs 404 - 2.415 ms - message: Not found
error: ::1 - GET /v1/docs 404 - 0.430 ms - message: Not found
error: ::1 - GET /v1/docs 404 - 0.461 ms - message: Not found
error: ::1 - GET /v1/docs 404 - 0.412 ms - message: Not found
error: ::1 - GET /v1/ 404 - 0.457 ms - message: Not found
error: ::1 - GET /v1/ 404 - 0.410 ms - message: Not found
error: ::1 - GET /v1/ 404 - 0.422 ms - message: Not found
error: ::1 - GET /v1/auth/register 404 - 1.371 ms - message: Not found
error: ::1 - POST /v1/auth/register 400 - 3.577 ms - message: "email" is required, "password" is required, "name" is required
error: ::1 - POST /v1/auth/register 400 - 1.064 ms - message: "email" is required, "password" is required, "name" is required
error: ::1 - POST /v1/auth/register 400 - 1.063 ms - message: "email" is required, "password" is required, "name" is required
error: ::1 - POST /v1/auth/register 400 - 1.123 ms - message: "email" is required, "password" is required, "name" is required
error: ::1 - POST /v1/docs 404 - 0.497 ms - message: Not found
error: ::1 - GET /v1/docs 404 - 0.692 ms - message: Not found
error: ::1 - GET /favicon.ico 404 - 0.401 ms - message: Not found
error: ::1 - POST /v1/docs 404 - 0.558 ms - message: Not found
info: Connected to MongoDB
info: Listening to port 3000
error: ::1 - POST /v1/docs 404 - 6.981 ms - message: Not found
error: ::1 - POST /v1/docs 404 - 1.098 ms - message: Not found
warn: Unable to connect to email server. Make sure you have configured the SMTP options in .env
info: ::1 - GET /v1/docs 301 - 1.832 ms
info: ::1 - GET /v1/docs/ 200 - 128.253 ms
info: ::1 - GET /v1/docs 301 - 0.734 ms
info: ::1 - GET /v1/docs/ 200 - 1.817 ms
info: ::1 - GET /v1/docs/swagger-ui-init.js 200 - 0.525 ms
info: ::1 - GET /v1/docs/swagger-ui-standalone-preset.js 200 - 5.554 ms
info: ::1 - GET /v1/docs/swagger-ui.css 200 - 36.027 ms
info: ::1 - GET /v1/docs/swagger-ui-bundle.js 200 - 5.053 ms
info: ::1 - GET /v1/docs/favicon-32x32.png 200 - 26.556 ms
info: ::1 - GET /v1/docs/favicon-32x32.png 304 - 1.418 ms
info: ::1 - GET /v1/docs/favicon-32x32.png 304 - 0.861 ms
info: ::1 - GET /v1/docs/favicon-32x32.png 304 - 2.020 ms
info: ::1 - GET /v1/docs/favicon-32x32.png 304 - 0.761 ms
info: ::1 - GET /v1/docs/favicon-32x32.png 304 - 0.843 ms
info: ::1 - GET /v1/docs/favicon-32x32.png 304 - 1.010 ms
info: ::1 - GET /v1/docs/favicon-32x32.png 304 - 0.934 ms
info: ::1 - GET /v1/docs/favicon-32x32.png 304 - 0.876 ms
info: ::1 - GET /v1/docs/ 304 - 0.968 ms
info: ::1 - GET /v1/docs/swagger-ui.css 304 - 2.192 ms
info: ::1 - GET /v1/docs/swagger-ui-init.js 304 - 0.493 ms
info: ::1 - GET /v1/docs/swagger-ui-bundle.js 304 - 2.903 ms
info: ::1 - GET /v1/docs/swagger-ui-standalone-preset.js 304 - 0.755 ms
info: ::1 - GET /v1/docs/favicon-32x32.png 304 - 1.087 ms
info: ::1 - GET /v1/docs/ 304 - 0.759 ms
info: Connected to MongoDB
info: Listening to port 3000
warn: Unable to connect to email server. Make sure you have configured the SMTP options in .env
info: ::1 - GET /v1/docs/favicon-32x32.png 304 - 4.059 ms
info: ::1 - GET /v1/docs/favicon-32x32.png 304 - 2.250 ms
info: ::1 - GET /v1/docs/favicon-32x32.png 304 - 1.186 ms
info: ::1 - GET /v1/docs/favicon-32x32.png 304 - 1.053 ms
info: ::1 - GET /v1/docs/favicon-32x32.png 304 - 1.015 ms
info: ::1 - GET /v1/docs/favicon-32x32.png 304 - 1.182 ms
info: ::1 - GET /v1/docs/favicon-32x32.png 304 - 1.254 ms
info: ::1 - GET /v1/docs/favicon-32x32.png 304 - 0.668 ms
info: ::1 - GET /v1/docs/favicon-32x32.png 304 - 0.736 ms
info: ::1 - GET /v1/docs/ 304 - 3.873 ms
info: ::1 - GET /v1/docs/ 304 - 1.866 ms
info: ::1 - GET /v1/docs/swagger-ui.css 304 - 1.513 ms
info: ::1 - GET /v1/docs/swagger-ui-init.js 304 - 0.493 ms
info: ::1 - GET /v1/docs/swagger-ui-bundle.js 304 - 2.934 ms
info: ::1 - GET /v1/docs/swagger-ui-standalone-preset.js 304 - 1.455 ms
info: ::1 - GET /v1/docs/favicon-32x32.png 304 - 1.480 ms
info: ::1 - GET /v1/docs/favicon-32x32.png 304 - 1.062 ms
info: ::1 - GET /v1/docs/favicon-32x32.png 304 - 1.896 ms
info: ::1 - GET /v1/docs/favicon-32x32.png 304 - 1.127 ms
error: ::1 - GET /api/docs 404 - 3.916 ms - message: Not found
info: ::1 - GET /v1/docs/ 304 - 1.182 ms
info: ::1 - GET /v1/docs/swagger-ui.css 304 - 0.954 ms
info: ::1 - GET /v1/docs/swagger-ui-standalone-preset.js 304 - 1.204 ms
info: ::1 - GET /v1/docs/swagger-ui-init.js 304 - 0.470 ms
info: ::1 - GET /v1/docs/swagger-ui-bundle.js 304 - 4.308 ms
info: ::1 - GET /v1/docs/favicon-32x32.png 304 - 1.069 ms
info: ::1 - GET /v1/docs/favicon-32x32.png 304 - 1.267 ms
error: ::1 - POST /api/get 404 - 877.429 ms - message: Not found
error: ::1 - POST /api/info 404 - 1.350 ms - message: Not found
error: ::1 - POST /api/info 404 - 0.581 ms - message: Not found
error: ::1 - POST /api/info 404 - 1.358 ms - message: Not found
error: ::1 - POST /api/info 404 - 0.646 ms - message: Not found
error: ::1 - POST /api/info 404 - 0.689 ms - message: Not found
error: ::1 - POST /api/info 404 - 0.802 ms - message: Not found
error: ::1 - POST /api/info 404 - 0.569 ms - message: Not found
error: ::1 - POST /api/info 404 - 0.704 ms - message: Not found
info: Connected to MongoDB
info: Listening to port 3000
error: ::1 - GET /v1/doc 404 - 5.073 ms - message: Not found
warn: Unable to connect to email server. Make sure you have configured the SMTP options in .env
info: ::1 - GET /v1/docs 301 - 2.371 ms
info: ::1 - GET /v1/docs/ 200 - 35.988 ms
info: ::1 - GET /v1/docs/swagger-ui-init.js 200 - 0.666 ms
info: ::1 - GET /v1/docs/swagger-ui.css 200 - 21.666 ms
info: ::1 - GET /v1/docs/swagger-ui-standalone-preset.js 200 - 4.977 ms
info: ::1 - GET /v1/docs/swagger-ui-bundle.js 200 - 4.511 ms
info: ::1 - GET /v1/docs/swagger-ui.css.map 200 - 24.791 ms
info: ::1 - GET /v1/docs/swagger-ui-standalone-preset.js.map 200 - 25.226 ms
info: ::1 - GET /v1/docs/swagger-ui-bundle.js.map 200 - 27.172 ms
info: ::1 - GET /v1/docs/favicon-32x32.png 200 - 11.397 ms
[32minfo[39m: Connected to MongoDB
[32minfo[39m: Listening to port 3000
[33mwarn[39m: Unable to connect to email server. Make sure you have configured the SMTP options in .env
[32minfo[39m: Connected to MongoDB
[32minfo[39m: Listening to port 3000
[33mwarn[39m: Unable to connect to email server. Make sure you have configured the SMTP options in .env
[32minfo[39m: Connected to MongoDB
[32minfo[39m: Listening to port 3000
[33mwarn[39m: Unable to connect to email server. Make sure you have configured the SMTP options in .env
[32minfo[39m: Connected to MongoDB
[32minfo[39m: Listening to port 3000
[33mwarn[39m: Unable to connect to email server. Make sure you have configured the SMTP options in .env
[32minfo[39m: Connected to MongoDB
[32minfo[39m: Listening to port 3000
[33mwarn[39m: Unable to connect to email server. Make sure you have configured the SMTP options in .env
[32minfo[39m: Connected to MongoDB
[32minfo[39m: Listening to port 3000
[33mwarn[39m: Unable to connect to email server. Make sure you have configured the SMTP options in .env
[32minfo[39m: Connected to MongoDB
[32minfo[39m: Listening to port 3000
[33mwarn[39m: Unable to connect to email server. Make sure you have configured the SMTP options in .env
[32minfo[39m: Connected to MongoDB
[32minfo[39m: Listening to port 3000
[33mwarn[39m: Unable to connect to email server. Make sure you have configured the SMTP options in .env
[32minfo[39m: Connected to MongoDB
[32minfo[39m: Listening to port 3000
[33mwarn[39m: Unable to connect to email server. Make sure you have configured the SMTP options in .env
[32minfo[39m: Connected to MongoDB
[32minfo[39m: Listening to port 3000
[33mwarn[39m: Unable to connect to email server. Make sure you have configured the SMTP options in .env
[31merror[39m: Error: ENOENT: no such file or directory, open 'C:\Users\CEINFO\expapp\src\services/test.ejs'
    at Object.openSync (node:fs:582:3)
    at Object.readFileSync [as fileLoader] (node:fs:450:35)
    at fileLoader (C:\Users\CEINFO\node_modules\ejs\lib\ejs.js:273:18)
    at handleCache (C:\Users\CEINFO\node_modules\ejs\lib\ejs.js:213:16)
    at C:\Users\CEINFO\node_modules\ejs\lib\ejs.js:240:20
    at new Promise (<anonymous>)
    at tryHandleCache (C:\Users\CEINFO\node_modules\ejs\lib\ejs.js:238:14)
    at Object.exports.renderFile (C:\Users\CEINFO\node_modules\ejs\lib\ejs.js:485:10)
    at Object.sendResetPasswordEmail (C:\Users\CEINFO\expapp\src\services\email.service.js:34:26)
    at C:\Users\CEINFO\expapp\src\controllers\auth.controller.js:31:22
    at processTicksAndRejections (node:internal/process/task_queues:96:5)
[31merror[39m: POST /v1/auth/forgot-password 500 - 883.655 ms - message: ENOENT: no such file or directory, open 'C:\Users\CEINFO\expapp\src\services/test.ejs'
[32minfo[39m: Connected to MongoDB
[32minfo[39m: Listening to port 3000
[32minfo[39m: Connected to email server
[31merror[39m: Error: ENOENT: no such file or directory, open 'C:\Users\CEINFO\expapp\src\services/test.ejs'
    at Object.openSync (node:fs:582:3)
    at Object.readFileSync [as fileLoader] (node:fs:450:35)
    at fileLoader (C:\Users\CEINFO\node_modules\ejs\lib\ejs.js:273:18)
    at handleCache (C:\Users\CEINFO\node_modules\ejs\lib\ejs.js:213:16)
    at C:\Users\CEINFO\node_modules\ejs\lib\ejs.js:240:20
    at new Promise (<anonymous>)
    at tryHandleCache (C:\Users\CEINFO\node_modules\ejs\lib\ejs.js:238:14)
    at Object.exports.renderFile (C:\Users\CEINFO\node_modules\ejs\lib\ejs.js:485:10)
    at Object.sendResetPasswordEmail (C:\Users\CEINFO\expapp\src\services\email.service.js:34:26)
    at C:\Users\CEINFO\expapp\src\controllers\auth.controller.js:31:22
    at processTicksAndRejections (node:internal/process/task_queues:96:5)
[31merror[39m: POST /v1/auth/forgot-password 500 - 43.735 ms - message: ENOENT: no such file or directory, open 'C:\Users\CEINFO\expapp\src\services/test.ejs'
info: Connected to MongoDB
info: Listening to port 3000
info: Connected to email server
error: ::1 - POST /v1/auth/forgot-password 500 - 42.299 ms - message: ENOENT: no such file or directory, open 'C:\Users\CEINFO\expapp\src\services/test.ejs'
info: Connected to MongoDB
info: Listening to port 3000
info: Connected to email server
error: ::1 - POST /v1/auth/forgot-password 500 - 45.078 ms - message: ENOENT: no such file or directory, open 'C:\Users\CEINFO\expapp\src\services/test.ejs'
[32minfo[39m: Connected to MongoDB
[32minfo[39m: Listening to port 3000
[32minfo[39m: Connected to email server
[31merror[39m: Error: ENOENT: no such file or directory, open 'C:\Users\CEINFO\expapp\src\services/test.ejs'
    at Object.openSync (node:fs:582:3)
    at Object.readFileSync [as fileLoader] (node:fs:450:35)
    at fileLoader (C:\Users\CEINFO\node_modules\ejs\lib\ejs.js:273:18)
    at handleCache (C:\Users\CEINFO\node_modules\ejs\lib\ejs.js:213:16)
    at C:\Users\CEINFO\node_modules\ejs\lib\ejs.js:240:20
    at new Promise (<anonymous>)
    at tryHandleCache (C:\Users\CEINFO\node_modules\ejs\lib\ejs.js:238:14)
    at Object.exports.renderFile (C:\Users\CEINFO\node_modules\ejs\lib\ejs.js:485:10)
    at Object.sendResetPasswordEmail (C:\Users\CEINFO\expapp\src\services\email.service.js:34:26)
    at C:\Users\CEINFO\expapp\src\controllers\auth.controller.js:31:22
    at processTicksAndRejections (node:internal/process/task_queues:96:5)
[31merror[39m: POST /v1/auth/forgot-password 500 - 46.971 ms - message: ENOENT: no such file or directory, open 'C:\Users\CEINFO\expapp\src\services/test.ejs'
[32minfo[39m: Connected to MongoDB
[32minfo[39m: Listening to port 3000
[32minfo[39m: Connected to email server
[32minfo[39m: Connected to MongoDB
[32minfo[39m: Listening to port 3000
[32minfo[39m: Connected to email server
[32minfo[39m: POST /v1/auth/forgot-password 204 - 3184.764 ms
[32minfo[39m: Connected to MongoDB
[32minfo[39m: Listening to port 3000
[32minfo[39m: Connected to email server
[31merror[39m: ReferenceError: path is not defined
    at Object.sendResetPasswordEmail (C:\Users\CEINFO\expapp\src\services\email.service.js:34:15)
    at C:\Users\CEINFO\expapp\src\controllers\auth.controller.js:31:22
    at processTicksAndRejections (node:internal/process/task_queues:96:5)
[31merror[39m: POST /v1/auth/forgot-password 500 - 46.510 ms - message: path is not defined
[32minfo[39m: Connected to MongoDB
[32minfo[39m: Listening to port 3000
[32minfo[39m: Connected to email server
[32minfo[39m: POST /v1/auth/forgot-password 204 - 43.173 ms
[32minfo[39m: Connected to MongoDB
[32minfo[39m: Listening to port 3000
[32minfo[39m: Connected to email server
[32minfo[39m: POST /v1/auth/forgot-password 204 - 54.339 ms
[32minfo[39m: Connected to MongoDB
[32minfo[39m: Listening to port 3000
[32minfo[39m: Connected to MongoDB
[32minfo[39m: Listening to port 3000
[32minfo[39m: Connected to email server
[32minfo[39m: Connected to MongoDB
[32minfo[39m: Listening to port 3000
[32minfo[39m: Connected to email server
[31merror[39m: Error: ENOENT: no such file or directory, open '/template/users.ejs'
    at Object.openSync (node:fs:582:3)
    at Object.readFileSync [as fileLoader] (node:fs:450:35)
    at fileLoader (C:\Users\CEINFO\node_modules\ejs\lib\ejs.js:273:18)
    at handleCache (C:\Users\CEINFO\node_modules\ejs\lib\ejs.js:213:16)
    at C:\Users\CEINFO\node_modules\ejs\lib\ejs.js:240:20
    at new Promise (<anonymous>)
    at tryHandleCache (C:\Users\CEINFO\node_modules\ejs\lib\ejs.js:238:14)
    at Object.exports.renderFile (C:\Users\CEINFO\node_modules\ejs\lib\ejs.js:485:10)
    at Object.sendResetPasswordEmail (C:\Users\CEINFO\expapp\src\services\email.service.js:36:26)
    at C:\Users\CEINFO\expapp\src\controllers\auth.controller.js:31:22
    at processTicksAndRejections (node:internal/process/task_queues:96:5)
[31merror[39m: POST /v1/auth/forgot-password 500 - 64.209 ms - message: ENOENT: no such file or directory, open '/template/users.ejs'
[32minfo[39m: Connected to MongoDB
[32minfo[39m: Listening to port 3000
[32minfo[39m: Connected to email server
[31merror[39m: Error: ENOENT: no such file or directory, open '../template/users.ejs'
    at Object.openSync (node:fs:582:3)
    at Object.readFileSync [as fileLoader] (node:fs:450:35)
    at fileLoader (C:\Users\CEINFO\node_modules\ejs\lib\ejs.js:273:18)
    at handleCache (C:\Users\CEINFO\node_modules\ejs\lib\ejs.js:213:16)
    at C:\Users\CEINFO\node_modules\ejs\lib\ejs.js:240:20
    at new Promise (<anonymous>)
    at tryHandleCache (C:\Users\CEINFO\node_modules\ejs\lib\ejs.js:238:14)
    at Object.exports.renderFile (C:\Users\CEINFO\node_modules\ejs\lib\ejs.js:485:10)
    at Object.sendResetPasswordEmail (C:\Users\CEINFO\expapp\src\services\email.service.js:36:26)
    at C:\Users\CEINFO\expapp\src\controllers\auth.controller.js:31:22
    at processTicksAndRejections (node:internal/process/task_queues:96:5)
[31merror[39m: POST /v1/auth/forgot-password 500 - 43.372 ms - message: ENOENT: no such file or directory, open '../template/users.ejs'
[32minfo[39m: Connected to MongoDB
[32minfo[39m: Listening to port 3000
[32minfo[39m: Connected to email server
[32minfo[39m: POST /v1/auth/forgot-password 204 - 40.540 ms
[32minfo[39m: Connected to MongoDB
[32minfo[39m: Listening to port 3000
[32minfo[39m: Connected to email server
[32minfo[39m: POST /v1/auth/forgot-password 204 - 49.214 ms
[32minfo[39m: Connected to MongoDB
[32minfo[39m: Listening to port 3000
[32minfo[39m: Connected to email server
[32minfo[39m: POST /v1/auth/forgot-password 204 - 41.317 ms
[32minfo[39m: Connected to MongoDB
[32minfo[39m: Listening to port 3000
[32minfo[39m: Connected to MongoDB
[32minfo[39m: Listening to port 3000
[32minfo[39m: Connected to email server
[32minfo[39m: POST /v1/auth/forgot-password 204 - 3162.615 ms
[32minfo[39m: Connected to MongoDB
[32minfo[39m: Listening to port 3000
[32minfo[39m: Connected to email server
